<?xml version="1.0" encoding="UTF-8"?>
<testsuite xmlns:xsi="http://www.w3.org/2001/XMLSchema-instance" xsi:noNamespaceSchemaLocation="https://maven.apache.org/surefire/maven-surefire-plugin/xsd/surefire-test-report.xsd" name="io.netty.util.internal.DefaultPriorityQueueTest" time="0" tests="7" errors="0" skipped="0" failures="0">
  <properties>
    <property name="sun.desktop" value="gnome"/>
    <property name="awt.toolkit" value="sun.awt.X11.XToolkit"/>
    <property name="file.encoding.pkg" value="sun.io"/>
    <property name="java.specification.version" value="1.8"/>
    <property name="sun.cpu.isalist" value=""/>
    <property name="sun.jnu.encoding" value="UTF-8"/>
    <property name="java.class.path" value="/home/byron/git/netty/common/target/test-classes:/home/byron/git/netty/common/target/classes:/home/byron/soft/maven-repo/com/oracle/substratevm/svm/19.0.0/svm-19.0.0.jar:/home/byron/soft/maven-repo/org/graalvm/sdk/graal-sdk/19.0.0/graal-sdk-19.0.0.jar:/home/byron/soft/maven-repo/com/oracle/substratevm/objectfile/19.0.0/objectfile-19.0.0.jar:/home/byron/soft/maven-repo/com/oracle/substratevm/pointsto/19.0.0/pointsto-19.0.0.jar:/home/byron/soft/maven-repo/org/graalvm/truffle/truffle-nfi/19.0.0/truffle-nfi-19.0.0.jar:/home/byron/soft/maven-repo/org/graalvm/truffle/truffle-api/19.0.0/truffle-api-19.0.0.jar:/home/byron/soft/maven-repo/org/graalvm/compiler/compiler/19.0.0/compiler-19.0.0.jar:/home/byron/soft/maven-repo/org/jctools/jctools-core/2.1.1/jctools-core-2.1.1.jar:/home/byron/soft/maven-repo/org/slf4j/slf4j-api/1.7.21/slf4j-api-1.7.21.jar:/home/byron/soft/maven-repo/commons-logging/commons-logging/1.2/commons-logging-1.2.jar:/home/byron/soft/maven-repo/log4j/log4j/1.2.17/log4j-1.2.17.jar:/home/byron/soft/maven-repo/org/apache/logging/log4j/log4j-api/2.6.2/log4j-api-2.6.2.jar:/home/byron/soft/maven-repo/org/apache/logging/log4j/log4j-core/2.6.2/log4j-core-2.6.2.jar:/home/byron/soft/maven-repo/io/projectreactor/tools/blockhound/1.0.1.RELEASE/blockhound-1.0.1.RELEASE.jar:/home/byron/soft/maven-repo/org/mockito/mockito-core/2.18.3/mockito-core-2.18.3.jar:/home/byron/soft/maven-repo/net/bytebuddy/byte-buddy/1.8.5/byte-buddy-1.8.5.jar:/home/byron/soft/maven-repo/net/bytebuddy/byte-buddy-agent/1.8.5/byte-buddy-agent-1.8.5.jar:/home/byron/soft/maven-repo/org/objenesis/objenesis/2.6/objenesis-2.6.jar:/home/byron/soft/maven-repo/io/netty/netty-dev-tools/4.1.45.Final-SNAPSHOT/netty-dev-tools-4.1.45.Final-SNAPSHOT.jar:/home/byron/soft/maven-repo/org/javassist/javassist/3.20.0-GA/javassist-3.20.0-GA.jar:/home/byron/soft/maven-repo/junit/junit/4.12/junit-4.12.jar:/home/byron/soft/maven-repo/org/hamcrest/hamcrest-core/1.3/hamcrest-core-1.3.jar:/home/byron/soft/maven-repo/io/netty/netty-build/25/netty-build-25.jar:/home/byron/soft/maven-repo/com/puppycrawl/tools/checkstyle/8.18/checkstyle-8.18.jar:/home/byron/soft/maven-repo/info/picocli/picocli/3.9.5/picocli-3.9.5.jar:/home/byron/soft/maven-repo/antlr/antlr/2.7.7/antlr-2.7.7.jar:/home/byron/soft/maven-repo/org/antlr/antlr4-runtime/4.7.2/antlr4-runtime-4.7.2.jar:/home/byron/soft/maven-repo/commons-beanutils/commons-beanutils/1.9.3/commons-beanutils-1.9.3.jar:/home/byron/soft/maven-repo/commons-collections/commons-collections/3.2.2/commons-collections-3.2.2.jar:/home/byron/soft/maven-repo/com/google/guava/guava/27.0.1-jre/guava-27.0.1-jre.jar:/home/byron/soft/maven-repo/com/google/guava/failureaccess/1.0.1/failureaccess-1.0.1.jar:/home/byron/soft/maven-repo/com/google/guava/listenablefuture/9999.0-empty-to-avoid-conflict-with-guava/listenablefuture-9999.0-empty-to-avoid-conflict-with-guava.jar:/home/byron/soft/maven-repo/com/google/code/findbugs/jsr305/3.0.2/jsr305-3.0.2.jar:/home/byron/soft/maven-repo/org/checkerframework/checker-qual/2.5.2/checker-qual-2.5.2.jar:/home/byron/soft/maven-repo/com/google/errorprone/error_prone_annotations/2.2.0/error_prone_annotations-2.2.0.jar:/home/byron/soft/maven-repo/com/google/j2objc/j2objc-annotations/1.1/j2objc-annotations-1.1.jar:/home/byron/soft/maven-repo/org/codehaus/mojo/animal-sniffer-annotations/1.17/animal-sniffer-annotations-1.17.jar:/home/byron/soft/maven-repo/net/sf/saxon/Saxon-HE/9.9.1-1/Saxon-HE-9.9.1-1.jar:/home/byron/soft/maven-repo/org/hamcrest/hamcrest-library/1.3/hamcrest-library-1.3.jar:/home/byron/soft/maven-repo/ch/qos/logback/logback-classic/1.1.7/logback-classic-1.1.7.jar:/home/byron/soft/maven-repo/ch/qos/logback/logback-core/1.1.7/logback-core-1.1.7.jar:"/>
    <property name="java.vm.vendor" value="Oracle Corporation"/>
    <property name="sun.arch.data.model" value="64"/>
    <property name="java.vendor.url" value="http://java.oracle.com/"/>
    <property name="user.timezone" value=""/>
    <property name="java.vm.specification.version" value="1.8"/>
    <property name="os.name" value="Linux"/>
    <property name="user.country" value="CN"/>
    <property name="sun.java.launcher" value="SUN_STANDARD"/>
    <property name="sun.boot.library.path" value="/home/byron/soft/jdk1.8.0/jre/lib/amd64"/>
    <property name="sun.java.command" value="/home/byron/git/netty/common/target/surefire/surefirebooter4427963466668319820.jar /home/byron/git/netty/common/target/surefire 2020-01-14T10-47-38_817-jvmRun1 surefire4529576697552335078tmp surefire_08331919779502328911tmp"/>
    <property name="surefire.test.class.path" value="/home/byron/git/netty/common/target/test-classes:/home/byron/git/netty/common/target/classes:/home/byron/soft/maven-repo/com/oracle/substratevm/svm/19.0.0/svm-19.0.0.jar:/home/byron/soft/maven-repo/org/graalvm/sdk/graal-sdk/19.0.0/graal-sdk-19.0.0.jar:/home/byron/soft/maven-repo/com/oracle/substratevm/objectfile/19.0.0/objectfile-19.0.0.jar:/home/byron/soft/maven-repo/com/oracle/substratevm/pointsto/19.0.0/pointsto-19.0.0.jar:/home/byron/soft/maven-repo/org/graalvm/truffle/truffle-nfi/19.0.0/truffle-nfi-19.0.0.jar:/home/byron/soft/maven-repo/org/graalvm/truffle/truffle-api/19.0.0/truffle-api-19.0.0.jar:/home/byron/soft/maven-repo/org/graalvm/compiler/compiler/19.0.0/compiler-19.0.0.jar:/home/byron/soft/maven-repo/org/jctools/jctools-core/2.1.1/jctools-core-2.1.1.jar:/home/byron/soft/maven-repo/org/slf4j/slf4j-api/1.7.21/slf4j-api-1.7.21.jar:/home/byron/soft/maven-repo/commons-logging/commons-logging/1.2/commons-logging-1.2.jar:/home/byron/soft/maven-repo/log4j/log4j/1.2.17/log4j-1.2.17.jar:/home/byron/soft/maven-repo/org/apache/logging/log4j/log4j-api/2.6.2/log4j-api-2.6.2.jar:/home/byron/soft/maven-repo/org/apache/logging/log4j/log4j-core/2.6.2/log4j-core-2.6.2.jar:/home/byron/soft/maven-repo/io/projectreactor/tools/blockhound/1.0.1.RELEASE/blockhound-1.0.1.RELEASE.jar:/home/byron/soft/maven-repo/org/mockito/mockito-core/2.18.3/mockito-core-2.18.3.jar:/home/byron/soft/maven-repo/net/bytebuddy/byte-buddy/1.8.5/byte-buddy-1.8.5.jar:/home/byron/soft/maven-repo/net/bytebuddy/byte-buddy-agent/1.8.5/byte-buddy-agent-1.8.5.jar:/home/byron/soft/maven-repo/org/objenesis/objenesis/2.6/objenesis-2.6.jar:/home/byron/soft/maven-repo/io/netty/netty-dev-tools/4.1.45.Final-SNAPSHOT/netty-dev-tools-4.1.45.Final-SNAPSHOT.jar:/home/byron/soft/maven-repo/org/javassist/javassist/3.20.0-GA/javassist-3.20.0-GA.jar:/home/byron/soft/maven-repo/junit/junit/4.12/junit-4.12.jar:/home/byron/soft/maven-repo/org/hamcrest/hamcrest-core/1.3/hamcrest-core-1.3.jar:/home/byron/soft/maven-repo/io/netty/netty-build/25/netty-build-25.jar:/home/byron/soft/maven-repo/com/puppycrawl/tools/checkstyle/8.18/checkstyle-8.18.jar:/home/byron/soft/maven-repo/info/picocli/picocli/3.9.5/picocli-3.9.5.jar:/home/byron/soft/maven-repo/antlr/antlr/2.7.7/antlr-2.7.7.jar:/home/byron/soft/maven-repo/org/antlr/antlr4-runtime/4.7.2/antlr4-runtime-4.7.2.jar:/home/byron/soft/maven-repo/commons-beanutils/commons-beanutils/1.9.3/commons-beanutils-1.9.3.jar:/home/byron/soft/maven-repo/commons-collections/commons-collections/3.2.2/commons-collections-3.2.2.jar:/home/byron/soft/maven-repo/com/google/guava/guava/27.0.1-jre/guava-27.0.1-jre.jar:/home/byron/soft/maven-repo/com/google/guava/failureaccess/1.0.1/failureaccess-1.0.1.jar:/home/byron/soft/maven-repo/com/google/guava/listenablefuture/9999.0-empty-to-avoid-conflict-with-guava/listenablefuture-9999.0-empty-to-avoid-conflict-with-guava.jar:/home/byron/soft/maven-repo/com/google/code/findbugs/jsr305/3.0.2/jsr305-3.0.2.jar:/home/byron/soft/maven-repo/org/checkerframework/checker-qual/2.5.2/checker-qual-2.5.2.jar:/home/byron/soft/maven-repo/com/google/errorprone/error_prone_annotations/2.2.0/error_prone_annotations-2.2.0.jar:/home/byron/soft/maven-repo/com/google/j2objc/j2objc-annotations/1.1/j2objc-annotations-1.1.jar:/home/byron/soft/maven-repo/org/codehaus/mojo/animal-sniffer-annotations/1.17/animal-sniffer-annotations-1.17.jar:/home/byron/soft/maven-repo/net/sf/saxon/Saxon-HE/9.9.1-1/Saxon-HE-9.9.1-1.jar:/home/byron/soft/maven-repo/org/hamcrest/hamcrest-library/1.3/hamcrest-library-1.3.jar:/home/byron/soft/maven-repo/ch/qos/logback/logback-classic/1.1.7/logback-classic-1.1.7.jar:/home/byron/soft/maven-repo/ch/qos/logback/logback-core/1.1.7/logback-core-1.1.7.jar:"/>
    <property name="sun.cpu.endian" value="little"/>
    <property name="user.home" value="/home/byron"/>
    <property name="user.language" value="zh"/>
    <property name="java.specification.vendor" value="Oracle Corporation"/>
    <property name="java.home" value="/home/byron/soft/jdk1.8.0/jre"/>
    <property name="basedir" value="/home/byron/git/netty/common"/>
    <property name="file.separator" value="/"/>
    <property name="line.separator" value="&#10;"/>
    <property name="java.vm.specification.vendor" value="Oracle Corporation"/>
    <property name="java.specification.name" value="Java Platform API Specification"/>
    <property name="java.awt.graphicsenv" value="sun.awt.X11GraphicsEnvironment"/>
    <property name="surefire.real.class.path" value="/home/byron/git/netty/common/target/surefire/surefirebooter4427963466668319820.jar:/home/byron/soft/maven-repo/org/mortbay/jetty/alpn/jetty-alpn-agent/2.0.8/jetty-alpn-agent-2.0.8.jar"/>
    <property name="logback.configurationFile" value="/home/byron/git/netty/common/../common/src/test/resources/logback-test.xml"/>
    <property name="sun.boot.class.path" value="/home/byron/soft/jdk1.8.0/jre/lib/resources.jar:/home/byron/soft/jdk1.8.0/jre/lib/rt.jar:/home/byron/soft/jdk1.8.0/jre/lib/sunrsasign.jar:/home/byron/soft/jdk1.8.0/jre/lib/jsse.jar:/home/byron/soft/jdk1.8.0/jre/lib/jce.jar:/home/byron/soft/jdk1.8.0/jre/lib/charsets.jar:/home/byron/soft/jdk1.8.0/jre/lib/jfr.jar:/home/byron/soft/jdk1.8.0/jre/classes"/>
    <property name="sun.management.compiler" value="HotSpot 64-Bit Tiered Compilers"/>
    <property name="java.runtime.version" value="1.8.0_231-b11"/>
    <property name="user.name" value="byron"/>
    <property name="path.separator" value=":"/>
    <property name="os.version" value="4.18.0-80.el8.x86_64"/>
    <property name="java.endorsed.dirs" value="/home/byron/soft/jdk1.8.0/jre/lib/endorsed"/>
    <property name="java.runtime.name" value="Java(TM) SE Runtime Environment"/>
    <property name="file.encoding" value="UTF-8"/>
    <property name="logLevel" value="debug"/>
    <property name="java.vm.name" value="Java HotSpot(TM) 64-Bit Server VM"/>
    <property name="localRepository" value="/home/byron/soft/maven-repo"/>
    <property name="_" value=""/>
    <property name="java.vendor.url.bug" value="http://bugreport.sun.com/bugreport/"/>
    <property name="java.io.tmpdir" value="/tmp"/>
    <property name="java.version" value="1.8.0_231"/>
    <property name="user.dir" value="/home/byron/git/netty/common"/>
    <property name="os.arch" value="amd64"/>
    <property name="java.vm.specification.name" value="Java Virtual Machine Specification"/>
    <property name="java.awt.printerjob" value="sun.print.PSPrinterJob"/>
    <property name="sun.os.patch.level" value="unknown"/>
    <property name="java.library.path" value="/usr/java/packages/lib/amd64:/usr/lib64:/lib64:/lib:/usr/lib"/>
    <property name="java.vm.info" value="mixed mode"/>
    <property name="java.vendor" value="Oracle Corporation"/>
    <property name="java.vm.version" value="25.231-b11"/>
    <property name="java.ext.dirs" value="/home/byron/soft/jdk1.8.0/jre/lib/ext:/usr/java/packages/lib/ext"/>
    <property name="sun.io.unicode.encoding" value="UnicodeLittle"/>
    <property name="java.class.version" value="52.0"/>
  </properties>
  <testcase name="testPriorityChange" classname="io.netty.util.internal.DefaultPriorityQueueTest" time="0"/>
  <testcase name="testClearIgnoringIndexes" classname="io.netty.util.internal.DefaultPriorityQueueTest" time="0"/>
  <testcase name="testClear" classname="io.netty.util.internal.DefaultPriorityQueueTest" time="0"/>
  <testcase name="testPoll" classname="io.netty.util.internal.DefaultPriorityQueueTest" time="0"/>
  <testcase name="testZeroInitialSize" classname="io.netty.util.internal.DefaultPriorityQueueTest" time="0"/>
  <testcase name="testRemoval" classname="io.netty.util.internal.DefaultPriorityQueueTest" time="0"/>
  <testcase name="testRemovalTyped" classname="io.netty.util.internal.DefaultPriorityQueueTest" time="0"/>
</testsuite>